<?xml version="1.0" encoding="UTF-8"?>
<!-- Generated by org.testng.reporters.JUnitReportReporter -->
<testsuite skipped="0" hostname="ad" name="com.FR.TestCases.ExecuteTest" tests="3" failures="0" timestamp="08 Sep 2019 11:33:34 GMT" time="17.583" errors="0">
  <testcase name="verifyLaunchApplication" time="7.844" classname="com.FR.TestCases.ExecuteTest"/>
  <testcase name="verifylogin" time="5.618" classname="com.FR.TestCases.ExecuteTest"/>
  <testcase name="verifyTicketBooking" time="4.121" classname="com.FR.TestCases.ExecuteTest"/>
</testsuite> <!-- com.FR.TestCases.ExecuteTest -->
